<?xml version="1.0" encoding="UTF-8"?>
<!-- Generated by org.testng.reporters.JUnitReportReporter -->
<testsuite hostname="admin-PC" name="com.datadriven.ExcelOrangeAddemployee" tests="2" failures="0" timestamp="28 Mar 2019 10:55:03 GMT" time="5.517" errors="0">
  <testcase name="addEmployee" time="4.075" classname="com.datadriven.ExcelOrangeAddemployee"/>
  <testcase name="logIn" time="1.442" classname="com.datadriven.ExcelOrangeAddemployee"/>
</testsuite> <!-- com.datadriven.ExcelOrangeAddemployee -->
