<?xml version="1.0" encoding="UTF-8"?>
<!-- Generated by org.testng.reporters.JUnitReportReporter -->
<testsuite hostname="admin-PC" name="com.datadriven.Objectarraydriven" tests="3" failures="0" timestamp="28 Mar 2019 10:51:36 GMT" time="22.269" errors="0">
  <testcase name="log" time="10.716" classname="com.datadriven.Objectarraydriven"/>
  <testcase name="log" time="10.746" classname="com.datadriven.Objectarraydriven"/>
  <testcase name="log" time="0.807" classname="com.datadriven.Objectarraydriven"/>
</testsuite> <!-- com.datadriven.Objectarraydriven -->
