<?xml version="1.0" encoding="UTF-8"?>
<!-- Generated by org.testng.reporters.JUnitReportReporter -->
<testsuite hostname="admin-PC" name="com.annotaion.New" tests="1" failures="0" timestamp="20 Mar 2019 23:47:48 GMT" time="22.456" errors="0">
  <testcase name="main" time="22.456" classname="com.annotaion.New"/>
</testsuite> <!-- com.annotaion.New -->
