<?xml version="1.0" encoding="UTF-8"?>
<!-- Generated by org.testng.reporters.JUnitReportReporter -->
<testsuite hostname="admin-PC" name="com.keyboard.OrangeLogin" tests="1" failures="0" timestamp="21 Mar 2019 00:28:59 GMT" time="22.506" errors="0">
  <testcase name="main" time="22.506" classname="com.keyboard.OrangeLogin"/>
</testsuite> <!-- com.keyboard.OrangeLogin -->
