<?xml version="1.0" encoding="UTF-8"?>
<!-- Generated by org.testng.reporters.JUnitReportReporter -->
<testsuite hostname="admin-PC" name="com.annotaion.FirstAnnotation" tests="1" failures="0" timestamp="15 Mar 2019 03:03:12 GMT" time="14.645" errors="0">
  <testcase name="applicationlaunch" time="14.645" classname="com.annotaion.FirstAnnotation"/>
</testsuite> <!-- com.annotaion.FirstAnnotation -->
