<?xml version="1.0" encoding="UTF-8"?>
<!-- Generated by org.testng.reporters.JUnitReportReporter -->
<testsuite hostname="admin-PC" name="com.datadriven.ObjectArrayOrangeAddEmployee" tests="4" failures="0" timestamp="28 Mar 2019 11:20:45 GMT" time="3.842" errors="0">
  <testcase name="addEmployee" time="0.892" classname="com.datadriven.ObjectArrayOrangeAddEmployee"/>
  <testcase name="addEmployee" time="0.912" classname="com.datadriven.ObjectArrayOrangeAddEmployee"/>
  <testcase name="logIn" time="0.512" classname="com.datadriven.ObjectArrayOrangeAddEmployee"/>
  <testcase name="addEmployee" time="1.526" classname="com.datadriven.ObjectArrayOrangeAddEmployee"/>
</testsuite> <!-- com.datadriven.ObjectArrayOrangeAddEmployee -->
