<?xml version="1.0" encoding="UTF-8"?>
<!-- Generated by org.testng.reporters.JUnitReportReporter -->
<testsuite hostname="admin-PC" name="com.annotaion.OrangeEmployee" tests="2" failures="0" timestamp="31 Mar 2019 11:41:20 GMT" time="5.222" errors="0">
  <testcase name="addEmployee" time="4.677" classname="com.annotaion.OrangeEmployee"/>
  <testcase name="logIn" time="0.545" classname="com.annotaion.OrangeEmployee"/>
</testsuite> <!-- com.annotaion.OrangeEmployee -->
