<?xml version="1.0" encoding="UTF-8"?>
<!-- Generated by org.testng.reporters.JUnitReportReporter -->
<testsuite hostname="admin-PC" name="com.keyboard.LoginTest" tests="1" failures="0" timestamp="21 Mar 2019 16:58:45 GMT" time="0.484" errors="0">
  <testcase name="logIn" time="0.484" classname="com.keyboard.LoginTest"/>
</testsuite> <!-- com.keyboard.LoginTest -->
