<?xml version="1.0" encoding="UTF-8"?>
<!-- Generated by org.testng.reporters.JUnitReportReporter -->
<testsuite hostname="admin-PC" name="com.objectarray.Firstarraydata" tests="3" failures="0" timestamp="28 Mar 2019 09:23:43 GMT" time="31.273" errors="0">
  <testcase name="main" time="10.630" classname="com.objectarray.Firstarraydata"/>
  <testcase name="main" time="10.309" classname="com.objectarray.Firstarraydata"/>
  <testcase name="main" time="10.334" classname="com.objectarray.Firstarraydata"/>
</testsuite> <!-- com.objectarray.Firstarraydata -->
