<?xml version="1.0" encoding="UTF-8"?>
<!-- Generated by org.testng.reporters.JUnitReportReporter -->
<testsuite hostname="admin-PC" name="com.annotaion.NewtoursRegistrationVAlidation" tests="1" failures="0" timestamp="19 Mar 2019 15:28:13 GMT" time="105.474" errors="0">
  <testcase name="urlValidation" time="105.474" classname="com.annotaion.NewtoursRegistrationVAlidation"/>
</testsuite> <!-- com.annotaion.NewtoursRegistrationVAlidation -->
